<?xml version="1.0" encoding="UTF-8"?>
<testsuite name="com.tran.qa16.tests.GroupDeletionTest" tests="2" skipped="0" failures="0" errors="0" timestamp="2018-08-06T17:09:15" hostname="Lena-Toshiba" time="0.819">
  <properties/>
  <testcase name="deletionFirstGroupTest" classname="com.tran.qa16.tests.GroupDeletionTest" time="0.394"/>
  <testcase name="deletionLastGroupTest" classname="com.tran.qa16.tests.GroupDeletionTest" time="0.424"/>
  <system-out><![CDATA[]]></system-out>
  <system-err><![CDATA[]]></system-err>
</testsuite>
