<?xml version="1.0" encoding="UTF-8"?>
<testsuite name="com.tran.qa16.tests.GroupDeletionTest" tests="2" skipped="0" failures="0" errors="0" timestamp="2018-08-13T16:53:42" hostname="Lena-Toshiba" time="0.905">
  <properties/>
  <testcase name="deletionFirstGroupTest" classname="com.tran.qa16.tests.GroupDeletionTest" time="0.404"/>
  <testcase name="deletionLastGroupTest" classname="com.tran.qa16.tests.GroupDeletionTest" time="0.5"/>
  <system-out><![CDATA[]]></system-out>
  <system-err><![CDATA[]]></system-err>
</testsuite>
