<?xml version="1.0" encoding="UTF-8"?>
<testsuite name="com.tran.qa16.tests.GroupCreationTest" tests="1" skipped="0" failures="0" errors="0" timestamp="2018-08-06T17:09:08" hostname="Lena-Toshiba" time="5.376">
  <properties/>
  <testcase name="testGroupCreation" classname="com.tran.qa16.tests.GroupCreationTest" time="5.376"/>
  <system-out><![CDATA[]]></system-out>
  <system-err><![CDATA[]]></system-err>
</testsuite>
