<?xml version="1.0" encoding="UTF-8"?>
<testsuite name="com.tran.qa16.tests.GroupCreationTest" tests="1" skipped="0" failures="0" errors="0" timestamp="2018-08-13T16:53:35" hostname="Lena-Toshiba" time="5.43">
  <properties/>
  <testcase name="testGroupCreation" classname="com.tran.qa16.tests.GroupCreationTest" time="5.43"/>
  <system-out><![CDATA[]]></system-out>
  <system-err><![CDATA[]]></system-err>
</testsuite>
